<?xml version="1.0" encoding="UTF-8"?>
<!-- Generated by org.testng.reporters.JUnitXMLReporter -->
<testsuite hostname="kasim-PC" ignored="0" name="Chrome1 Test" tests="1" failures="0" timestamp="11 Aug 2018 18:52:36 GMT" time="35.03" errors="0">
  <testcase name="@BeforeClass setUp" time="35.014" classname="com.Test.Practice.TestSuiteBase">
    <failure type="java.lang.RuntimeException" message="java.lang.InstantiationException: com.Main.Practice.PracticePage">
      <![CDATA[java.lang.RuntimeException: java.lang.InstantiationException: com.Main.Practice.PracticePage
at org.openqa.selenium.support.PageFactory.instantiatePage(PageFactory.java:134)
at org.openqa.selenium.support.PageFactory.initElements(PageFactory.java:64)
at com.Test.Practice.TestSuiteBase.setUp(TestSuiteBase.java:35)
Caused by: java.lang.InstantiationException: com.Main.Practice.PracticePage
at java.lang.Class.newInstance(Unknown Source)
at org.openqa.selenium.support.PageFactory.instantiatePage(PageFactory.java:131)
... 28 more
Caused by: java.lang.NoSuchMethodException: com.Main.Practice.PracticePage.<init>()
at java.lang.Class.getConstructor0(Unknown Source)
... 30 more
... Removed 26 stack frames]]>
    </failure>
  </testcase> <!-- @BeforeClass setUp -->
  <testcase name="@BeforeClass setUp" time="0.0" classname="com.Test.Practice.TestBrowserInvokation">
    <skipped/>
  </testcase> <!-- @BeforeClass setUp -->
  <testcase name="@AfterClass tearDown" time="0.0" classname="com.Test.Practice.TestBrowserInvokation">
    <skipped/>
  </testcase> <!-- @AfterClass tearDown -->
  <testcase name="testOne" time="0.0" classname="com.Test.Practice.TestBrowserInvokation">
    <skipped/>
  </testcase> <!-- testOne -->
</testsuite> <!-- Chrome1 Test -->
