<?xml version="1.0" encoding="UTF-8"?>
<!-- Generated by org.testng.reporters.JUnitXMLReporter -->
<testsuite hostname="kasim-PC" ignored="0" name="Firefox Test" tests="1" failures="0" timestamp="15 Aug 2018 06:49:17 GMT" time="104.665" errors="0">
  <testcase name="@BeforeClass setUp" time="104.166" classname="com.Test.Practice.TestSuiteBase">
    <failure type="java.lang.OutOfMemoryError" message="Java heap space">
      <![CDATA[java.lang.OutOfMemoryError: Java heap space
at java.util.Arrays.copyOf(Unknown Source)
at java.lang.AbstractStringBuilder.ensureCapacityInternal(Unknown Source)
at java.lang.AbstractStringBuilder.append(Unknown Source)
at java.lang.StringBuilder.append(Unknown Source)
at org.openqa.selenium.json.JsonInput.readString(JsonInput.java:341)
at org.openqa.selenium.json.JsonInput.nextString(JsonInput.java:182)
at org.openqa.selenium.json.JsonInput.skipValue(JsonInput.java:270)
at org.openqa.selenium.json.JsonInput.skipValue(JsonInput.java:264)
at org.openqa.selenium.remote.NewSessionPayload.getAlwaysMatch(NewSessionPayload.java:459)
at org.openqa.selenium.remote.NewSessionPayload.getW3C(NewSessionPayload.java:384)
at org.openqa.selenium.remote.NewSessionPayload.writeTo(NewSessionPayload.java:253)
at org.openqa.selenium.remote.ProtocolHandshake.createSession(ProtocolHandshake.java:69)
at org.openqa.selenium.remote.HttpCommandExecutor.execute(HttpCommandExecutor.java:136)
at org.openqa.selenium.remote.RemoteWebDriver.execute(RemoteWebDriver.java:548)
at org.openqa.selenium.remote.RemoteWebDriver.startSession(RemoteWebDriver.java:212)
at org.openqa.selenium.remote.RemoteWebDriver.<init>(RemoteWebDriver.java:130)
at org.openqa.selenium.remote.RemoteWebDriver.<init>(RemoteWebDriver.java:143)
at com.Test.Practice.TestSuiteBase.getDriverInstance(TestSuiteBase.java:79)
at com.Test.Practice.TestSuiteBase.setUp(TestSuiteBase.java:38)
... Removed 13 stack frames]]>
    </failure>
  </testcase> <!-- @BeforeClass setUp -->
  <testcase name="@BeforeClass setUp" time="0.0" classname="com.Test.Practice.TestBrowserInvokation">
    <skipped/>
  </testcase> <!-- @BeforeClass setUp -->
  <testcase name="@AfterClass tearDown" time="0.0" classname="com.Test.Practice.TestBrowserInvokation">
    <skipped/>
  </testcase> <!-- @AfterClass tearDown -->
  <testcase name="testOne" time="0.0" classname="com.Test.Practice.TestBrowserInvokation">
    <skipped/>
  </testcase> <!-- testOne -->
</testsuite> <!-- Firefox Test -->
